
*** Running vivado
    with args -log calc_top.vdi -applog -m64 -messageDb vivado.pb -mode batch -source calc_top.tcl -notrace


****** Vivado v2016.1 (64-bit)
  **** SW Build 1538259 on Fri Apr  8 15:45:23 MDT 2016
  **** IP Build 1537824 on Fri Apr  8 04:28:57 MDT 2016
    ** Copyright 1986-2016 Xilinx, Inc. All Rights Reserved.

source calc_top.tcl -notrace
Design is defaulting to srcset: sources_1
Design is defaulting to constrset: constrs_1
INFO: [Netlist 29-17] Analyzing 44 Unisim elements for replacement
INFO: [Netlist 29-28] Unisim Transformation completed in 0 CPU seconds
INFO: [Project 1-479] Netlist was created with Vivado 2016.1
INFO: [Device 21-403] Loading part xc7a35tcpg236-1
INFO: [Project 1-570] Preparing netlist for logic optimization
Parsing XDC File [/home/helmutresch/WorkDir/XILINX_calculator_project/impl/XILINX_calculator_project.srcs/constrs_1/new/XILINX_calculator_project_constrs.xdc]
Finished Parsing XDC File [/home/helmutresch/WorkDir/XILINX_calculator_project/impl/XILINX_calculator_project.srcs/constrs_1/new/XILINX_calculator_project_constrs.xdc]
INFO: [Opt 31-138] Pushed 0 inverter(s) to 0 load pin(s).
INFO: [Project 1-111] Unisim Transformation Summary:
No Unisim elements were transformed.

INFO: [Vivado_Tcl 4-424] Cannot write hardware definition file as there are no IPI block design hardware handoff files present
Command: opt_design
Attempting to get a license for feature 'Implementation' and/or device 'xc7a35t'
INFO: [Common 17-349] Got license for feature 'Implementation' and/or device 'xc7a35t'
Running DRC as a precondition to command opt_design

Starting DRC Task
INFO: [DRC 23-27] Running DRC with 4 threads
INFO: [Project 1-461] DRC finished with 0 Errors
INFO: [Project 1-462] Please refer to the DRC report (report_drc) for more information.

Time (s): cpu = 00:00:00.06 ; elapsed = 00:00:00.06 . Memory (MB): peak = 1315.703 ; gain = 37.016 ; free physical = 254 ; free virtual = 10168
INFO: [Timing 38-35] Done setting XDC timing constraints.

Starting Logic Optimization Task
Implement Debug Cores | Checksum: 25a32ea62

Phase 1 Retarget
INFO: [Opt 31-138] Pushed 0 inverter(s) to 0 load pin(s).
INFO: [Opt 31-49] Retargeted 0 cell(s).
Phase 1 Retarget | Checksum: 25a32ea62

Time (s): cpu = 00:00:00.09 ; elapsed = 00:00:00.09 . Memory (MB): peak = 1729.133 ; gain = 0.000 ; free physical = 137 ; free virtual = 9668

Phase 2 Constant Propagation
INFO: [Opt 31-138] Pushed 0 inverter(s) to 0 load pin(s).
INFO: [Opt 31-10] Eliminated 0 cells.
Phase 2 Constant Propagation | Checksum: 25a32ea62

Time (s): cpu = 00:00:00.11 ; elapsed = 00:00:00.10 . Memory (MB): peak = 1729.133 ; gain = 0.000 ; free physical = 137 ; free virtual = 9668

Phase 3 Sweep
INFO: [Opt 31-12] Eliminated 62 unconnected nets.
INFO: [Opt 31-11] Eliminated 0 unconnected cells.
Phase 3 Sweep | Checksum: 237e22075

Time (s): cpu = 00:00:00.13 ; elapsed = 00:00:00.12 . Memory (MB): peak = 1729.133 ; gain = 0.000 ; free physical = 137 ; free virtual = 9668

Starting Connectivity Check Task

Time (s): cpu = 00:00:00 ; elapsed = 00:00:00.01 . Memory (MB): peak = 1729.133 ; gain = 0.000 ; free physical = 137 ; free virtual = 9668
Ending Logic Optimization Task | Checksum: 237e22075

Time (s): cpu = 00:00:00.13 ; elapsed = 00:00:00.13 . Memory (MB): peak = 1729.133 ; gain = 0.000 ; free physical = 137 ; free virtual = 9668

Starting Power Optimization Task
INFO: [Pwropt 34-132] Skipping clock gating for clocks with a period < 2.00 ns.
Ending Power Optimization Task | Checksum: 237e22075

Time (s): cpu = 00:00:00.01 ; elapsed = 00:00:00 . Memory (MB): peak = 1729.133 ; gain = 0.000 ; free physical = 136 ; free virtual = 9668
INFO: [Common 17-83] Releasing license: Implementation
21 Infos, 0 Warnings, 0 Critical Warnings and 0 Errors encountered.
opt_design completed successfully
opt_design: Time (s): cpu = 00:00:07 ; elapsed = 00:00:07 . Memory (MB): peak = 1729.133 ; gain = 450.445 ; free physical = 136 ; free virtual = 9668
Writing placer database...
Writing XDEF routing.
Writing XDEF routing logical nets.
Writing XDEF routing special nets.
Write XDEF Complete: Time (s): cpu = 00:00:00.05 ; elapsed = 00:00:00.02 . Memory (MB): peak = 1761.148 ; gain = 0.000 ; free physical = 135 ; free virtual = 9668
INFO: [DRC 23-27] Running DRC with 4 threads
INFO: [Coretcl 2-168] The results of DRC are in file /home/helmutresch/WorkDir/XILINX_calculator_project/impl/XILINX_calculator_project.runs/impl_1/calc_top_drc_opted.rpt.
INFO: [Chipscope 16-241] No debug cores found in the current design.
Before running the implement_debug_core command, either use the Set Up Debug wizard (GUI mode)
or use the create_debug_core and connect_debug_core Tcl commands to insert debug cores into the design.
Command: place_design
Attempting to get a license for feature 'Implementation' and/or device 'xc7a35t'
INFO: [Common 17-349] Got license for feature 'Implementation' and/or device 'xc7a35t'
INFO: [DRC 23-27] Running DRC with 4 threads
INFO: [Vivado_Tcl 4-198] DRC finished with 0 Errors
INFO: [Vivado_Tcl 4-199] Please refer to the DRC report (report_drc) for more information.
Running DRC as a precondition to command place_design
INFO: [DRC 23-27] Running DRC with 4 threads
INFO: [Vivado_Tcl 4-198] DRC finished with 0 Errors
INFO: [Vivado_Tcl 4-199] Please refer to the DRC report (report_drc) for more information.

Starting Placer Task
INFO: [Place 30-611] Multithreading enabled for place_design using a maximum of 4 CPUs

Phase 1 Placer Initialization
Netlist sorting complete. Time (s): cpu = 00:00:00 ; elapsed = 00:00:00 . Memory (MB): peak = 1761.148 ; gain = 0.000 ; free physical = 132 ; free virtual = 9668
Netlist sorting complete. Time (s): cpu = 00:00:00 ; elapsed = 00:00:00 . Memory (MB): peak = 1761.148 ; gain = 0.000 ; free physical = 132 ; free virtual = 9669

Phase 1.1 IO Placement/ Clock Placement/ Build Placer Device

Phase 1.1.1 Pre-Place Cells
Phase 1.1.1 Pre-Place Cells | Checksum: d103fea2

Time (s): cpu = 00:00:00.02 ; elapsed = 00:00:00.11 . Memory (MB): peak = 1761.148 ; gain = 0.000 ; free physical = 132 ; free virtual = 9669
INFO: [Timing 38-35] Done setting XDC timing constraints.

Phase 1.1.2 IO and Clk Clean Up
Phase 1.1.2 IO and Clk Clean Up | Checksum: d103fea2

Time (s): cpu = 00:00:00.66 ; elapsed = 00:00:00.50 . Memory (MB): peak = 1775.148 ; gain = 14.000 ; free physical = 128 ; free virtual = 9668

Phase 1.1.3 Implementation Feasibility check On IDelay
Phase 1.1.3 Implementation Feasibility check On IDelay | Checksum: d103fea2

Time (s): cpu = 00:00:00.66 ; elapsed = 00:00:00.51 . Memory (MB): peak = 1775.148 ; gain = 14.000 ; free physical = 128 ; free virtual = 9668

Phase 1.1.4 Commit IO Placement
Phase 1.1.4 Commit IO Placement | Checksum: 34999694

Time (s): cpu = 00:00:00.66 ; elapsed = 00:00:00.51 . Memory (MB): peak = 1775.148 ; gain = 14.000 ; free physical = 128 ; free virtual = 9668
Phase 1.1 IO Placement/ Clock Placement/ Build Placer Device | Checksum: 10869ff03

Time (s): cpu = 00:00:00.66 ; elapsed = 00:00:00.51 . Memory (MB): peak = 1775.148 ; gain = 14.000 ; free physical = 128 ; free virtual = 9668

Phase 1.2 Build Placer Netlist Model

Phase 1.2.1 Place Init Design

Phase 1.2.1.1 Init Lut Pin Assignment
Phase 1.2.1.1 Init Lut Pin Assignment | Checksum: 1f12ba7a4

Time (s): cpu = 00:00:00.81 ; elapsed = 00:00:00.58 . Memory (MB): peak = 1775.148 ; gain = 14.000 ; free physical = 126 ; free virtual = 9669
Phase 1.2.1 Place Init Design | Checksum: 198df4c96

Time (s): cpu = 00:00:01 ; elapsed = 00:00:00.72 . Memory (MB): peak = 1785.793 ; gain = 24.645 ; free physical = 117 ; free virtual = 9661
Phase 1.2 Build Placer Netlist Model | Checksum: 198df4c96

Time (s): cpu = 00:00:01 ; elapsed = 00:00:00.72 . Memory (MB): peak = 1785.793 ; gain = 24.645 ; free physical = 117 ; free virtual = 9661

Phase 1.3 Constrain Clocks/Macros
Phase 1.3 Constrain Clocks/Macros | Checksum: 198df4c96

Time (s): cpu = 00:00:01 ; elapsed = 00:00:00.72 . Memory (MB): peak = 1785.793 ; gain = 24.645 ; free physical = 117 ; free virtual = 9661
Phase 1 Placer Initialization | Checksum: 198df4c96

Time (s): cpu = 00:00:01 ; elapsed = 00:00:00.72 . Memory (MB): peak = 1785.793 ; gain = 24.645 ; free physical = 117 ; free virtual = 9661

Phase 2 Global Placement
Phase 2 Global Placement | Checksum: 1cda1eee7

Time (s): cpu = 00:00:09 ; elapsed = 00:00:04 . Memory (MB): peak = 1809.805 ; gain = 48.656 ; free physical = 123 ; free virtual = 9663

Phase 3 Detail Placement

Phase 3.1 Commit Multi Column Macros
Phase 3.1 Commit Multi Column Macros | Checksum: 1cda1eee7

Time (s): cpu = 00:00:09 ; elapsed = 00:00:04 . Memory (MB): peak = 1809.805 ; gain = 48.656 ; free physical = 122 ; free virtual = 9663

Phase 3.2 Commit Most Macros & LUTRAMs
Phase 3.2 Commit Most Macros & LUTRAMs | Checksum: 136c7b665

Time (s): cpu = 00:00:09 ; elapsed = 00:00:04 . Memory (MB): peak = 1809.805 ; gain = 48.656 ; free physical = 122 ; free virtual = 9662

Phase 3.3 Area Swap Optimization
Phase 3.3 Area Swap Optimization | Checksum: 1299dcdac

Time (s): cpu = 00:00:09 ; elapsed = 00:00:04 . Memory (MB): peak = 1809.805 ; gain = 48.656 ; free physical = 122 ; free virtual = 9662

Phase 3.4 updateClock Trees: DP
Phase 3.4 updateClock Trees: DP | Checksum: 1299dcdac

Time (s): cpu = 00:00:09 ; elapsed = 00:00:04 . Memory (MB): peak = 1809.805 ; gain = 48.656 ; free physical = 122 ; free virtual = 9663

Phase 3.5 Timing Path Optimizer
Phase 3.5 Timing Path Optimizer | Checksum: 1ba9ffa07

Time (s): cpu = 00:00:09 ; elapsed = 00:00:04 . Memory (MB): peak = 1809.805 ; gain = 48.656 ; free physical = 122 ; free virtual = 9663

Phase 3.6 Fast Optimization
Phase 3.6 Fast Optimization | Checksum: 1ba9ffa07

Time (s): cpu = 00:00:10 ; elapsed = 00:00:04 . Memory (MB): peak = 1809.805 ; gain = 48.656 ; free physical = 122 ; free virtual = 9662

Phase 3.7 Small Shape Detail Placement
Phase 3.7 Small Shape Detail Placement | Checksum: 2443feb5a

Time (s): cpu = 00:00:10 ; elapsed = 00:00:04 . Memory (MB): peak = 1809.805 ; gain = 48.656 ; free physical = 119 ; free virtual = 9661

Phase 3.8 Re-assign LUT pins
Phase 3.8 Re-assign LUT pins | Checksum: 205b4f364

Time (s): cpu = 00:00:10 ; elapsed = 00:00:04 . Memory (MB): peak = 1809.805 ; gain = 48.656 ; free physical = 119 ; free virtual = 9661

Phase 3.9 Pipeline Register Optimization
Phase 3.9 Pipeline Register Optimization | Checksum: 205b4f364

Time (s): cpu = 00:00:10 ; elapsed = 00:00:04 . Memory (MB): peak = 1809.805 ; gain = 48.656 ; free physical = 119 ; free virtual = 9661

Phase 3.10 Fast Optimization
Phase 3.10 Fast Optimization | Checksum: 205b4f364

Time (s): cpu = 00:00:10 ; elapsed = 00:00:04 . Memory (MB): peak = 1809.805 ; gain = 48.656 ; free physical = 119 ; free virtual = 9661
Phase 3 Detail Placement | Checksum: 205b4f364

Time (s): cpu = 00:00:10 ; elapsed = 00:00:04 . Memory (MB): peak = 1809.805 ; gain = 48.656 ; free physical = 119 ; free virtual = 9661

Phase 4 Post Placement Optimization and Clean-Up

Phase 4.1 Post Commit Optimization
INFO: [Timing 38-35] Done setting XDC timing constraints.

Phase 4.1.1 updateClock Trees: PCOPT
Phase 4.1.1 updateClock Trees: PCOPT | Checksum: 1d0b6d08b

Time (s): cpu = 00:00:10 ; elapsed = 00:00:04 . Memory (MB): peak = 1809.805 ; gain = 48.656 ; free physical = 119 ; free virtual = 9660

Phase 4.1.2 Post Placement Optimization
INFO: [Place 30-746] Post Placement Timing Summary WNS=5.676. For the most accurate timing information please run report_timing.
Phase 4.1.2 Post Placement Optimization | Checksum: 1e95c0a71

Time (s): cpu = 00:00:10 ; elapsed = 00:00:04 . Memory (MB): peak = 1809.805 ; gain = 48.656 ; free physical = 117 ; free virtual = 9660
Phase 4.1 Post Commit Optimization | Checksum: 1e95c0a71

Time (s): cpu = 00:00:10 ; elapsed = 00:00:04 . Memory (MB): peak = 1809.805 ; gain = 48.656 ; free physical = 117 ; free virtual = 9660

Phase 4.2 Sweep Clock Roots: Post-Placement
Phase 4.2 Sweep Clock Roots: Post-Placement | Checksum: 1e95c0a71

Time (s): cpu = 00:00:10 ; elapsed = 00:00:04 . Memory (MB): peak = 1809.805 ; gain = 48.656 ; free physical = 127 ; free virtual = 9665

Phase 4.3 Post Placement Cleanup
Phase 4.3 Post Placement Cleanup | Checksum: 1e95c0a71

Time (s): cpu = 00:00:10 ; elapsed = 00:00:04 . Memory (MB): peak = 1809.805 ; gain = 48.656 ; free physical = 127 ; free virtual = 9665

Phase 4.4 Placer Reporting
Phase 4.4 Placer Reporting | Checksum: 1e95c0a71

Time (s): cpu = 00:00:10 ; elapsed = 00:00:04 . Memory (MB): peak = 1809.805 ; gain = 48.656 ; free physical = 127 ; free virtual = 9666

Phase 4.5 Final Placement Cleanup
Phase 4.5 Final Placement Cleanup | Checksum: 15f452452

Time (s): cpu = 00:00:10 ; elapsed = 00:00:04 . Memory (MB): peak = 1809.805 ; gain = 48.656 ; free physical = 127 ; free virtual = 9666
Phase 4 Post Placement Optimization and Clean-Up | Checksum: 15f452452

Time (s): cpu = 00:00:10 ; elapsed = 00:00:04 . Memory (MB): peak = 1809.805 ; gain = 48.656 ; free physical = 125 ; free virtual = 9666
Ending Placer Task | Checksum: 770410aa

Time (s): cpu = 00:00:10 ; elapsed = 00:00:04 . Memory (MB): peak = 1809.805 ; gain = 48.656 ; free physical = 125 ; free virtual = 9666
INFO: [Common 17-83] Releasing license: Implementation
36 Infos, 0 Warnings, 0 Critical Warnings and 0 Errors encountered.
place_design completed successfully
Writing placer database...
Writing XDEF routing.
Writing XDEF routing logical nets.
Writing XDEF routing special nets.
Write XDEF Complete: Time (s): cpu = 00:00:00.13 ; elapsed = 00:00:00.05 . Memory (MB): peak = 1809.805 ; gain = 0.000 ; free physical = 123 ; free virtual = 9666
report_io: Time (s): cpu = 00:00:00.05 ; elapsed = 00:00:00.09 . Memory (MB): peak = 1809.805 ; gain = 0.000 ; free physical = 117 ; free virtual = 9659
report_utilization: Time (s): cpu = 00:00:00.03 ; elapsed = 00:00:00.06 . Memory (MB): peak = 1809.805 ; gain = 0.000 ; free physical = 139 ; free virtual = 9668
report_control_sets: Time (s): cpu = 00:00:00.01 ; elapsed = 00:00:00.05 . Memory (MB): peak = 1809.805 ; gain = 0.000 ; free physical = 137 ; free virtual = 9667
Command: route_design
Attempting to get a license for feature 'Implementation' and/or device 'xc7a35t'
INFO: [Common 17-349] Got license for feature 'Implementation' and/or device 'xc7a35t'
Running DRC as a precondition to command route_design
INFO: [DRC 23-27] Running DRC with 4 threads
INFO: [Vivado_Tcl 4-198] DRC finished with 0 Errors
INFO: [Vivado_Tcl 4-199] Please refer to the DRC report (report_drc) for more information.


Starting Routing Task
INFO: [Route 35-254] Multithreading enabled for route_design using a maximum of 4 CPUs
Checksum: PlaceDB: 5547fb60 ConstDB: 0 ShapeSum: 21bc154a RouteDB: 0

Phase 1 Build RT Design
Phase 1 Build RT Design | Checksum: ac77506a

Time (s): cpu = 00:00:14 ; elapsed = 00:00:11 . Memory (MB): peak = 1861.469 ; gain = 51.664 ; free physical = 152 ; free virtual = 9580

Phase 2 Router Initialization

Phase 2.1 Create Timer
Phase 2.1 Create Timer | Checksum: ac77506a

Time (s): cpu = 00:00:14 ; elapsed = 00:00:11 . Memory (MB): peak = 1861.469 ; gain = 51.664 ; free physical = 152 ; free virtual = 9580

Phase 2.2 Fix Topology Constraints
Phase 2.2 Fix Topology Constraints | Checksum: ac77506a

Time (s): cpu = 00:00:14 ; elapsed = 00:00:11 . Memory (MB): peak = 1861.469 ; gain = 51.664 ; free physical = 137 ; free virtual = 9567

Phase 2.3 Pre Route Cleanup
Phase 2.3 Pre Route Cleanup | Checksum: ac77506a

Time (s): cpu = 00:00:14 ; elapsed = 00:00:11 . Memory (MB): peak = 1861.469 ; gain = 51.664 ; free physical = 137 ; free virtual = 9567
 Number of Nodes with overlaps = 0

Phase 2.4 Update Timing
Phase 2.4 Update Timing | Checksum: 1f9adf41a

Time (s): cpu = 00:00:14 ; elapsed = 00:00:12 . Memory (MB): peak = 1861.469 ; gain = 51.664 ; free physical = 128 ; free virtual = 9559
INFO: [Route 35-416] Intermediate Timing Summary | WNS=5.701  | TNS=0.000  | WHS=-0.116 | THS=-2.728 |

Phase 2 Router Initialization | Checksum: 1a46ecb98

Time (s): cpu = 00:00:14 ; elapsed = 00:00:12 . Memory (MB): peak = 1861.469 ; gain = 51.664 ; free physical = 128 ; free virtual = 9559

Phase 3 Initial Routing
Phase 3 Initial Routing | Checksum: 192b3b2c0

Time (s): cpu = 00:00:15 ; elapsed = 00:00:12 . Memory (MB): peak = 1861.469 ; gain = 51.664 ; free physical = 128 ; free virtual = 9559

Phase 4 Rip-up And Reroute

Phase 4.1 Global Iteration 0
 Number of Nodes with overlaps = 43
 Number of Nodes with overlaps = 0

Phase 4.1.1 Update Timing
Phase 4.1.1 Update Timing | Checksum: 1f8b5a7a0

Time (s): cpu = 00:00:15 ; elapsed = 00:00:12 . Memory (MB): peak = 1861.469 ; gain = 51.664 ; free physical = 128 ; free virtual = 9559
INFO: [Route 35-416] Intermediate Timing Summary | WNS=4.789  | TNS=0.000  | WHS=N/A    | THS=N/A    |

Phase 4.1 Global Iteration 0 | Checksum: 15c31df7d

Time (s): cpu = 00:00:15 ; elapsed = 00:00:12 . Memory (MB): peak = 1861.469 ; gain = 51.664 ; free physical = 128 ; free virtual = 9559
Phase 4 Rip-up And Reroute | Checksum: 15c31df7d

Time (s): cpu = 00:00:15 ; elapsed = 00:00:12 . Memory (MB): peak = 1861.469 ; gain = 51.664 ; free physical = 128 ; free virtual = 9559

Phase 5 Delay and Skew Optimization

Phase 5.1 Delay CleanUp

Phase 5.1.1 Update Timing
Phase 5.1.1 Update Timing | Checksum: 1cef2b6b4

Time (s): cpu = 00:00:15 ; elapsed = 00:00:12 . Memory (MB): peak = 1861.469 ; gain = 51.664 ; free physical = 128 ; free virtual = 9559
INFO: [Route 35-416] Intermediate Timing Summary | WNS=4.868  | TNS=0.000  | WHS=N/A    | THS=N/A    |

Phase 5.1 Delay CleanUp | Checksum: 1cef2b6b4

Time (s): cpu = 00:00:15 ; elapsed = 00:00:12 . Memory (MB): peak = 1861.469 ; gain = 51.664 ; free physical = 128 ; free virtual = 9559

Phase 5.2 Clock Skew Optimization
Phase 5.2 Clock Skew Optimization | Checksum: 1cef2b6b4

Time (s): cpu = 00:00:15 ; elapsed = 00:00:12 . Memory (MB): peak = 1861.469 ; gain = 51.664 ; free physical = 128 ; free virtual = 9559
Phase 5 Delay and Skew Optimization | Checksum: 1cef2b6b4

Time (s): cpu = 00:00:15 ; elapsed = 00:00:12 . Memory (MB): peak = 1861.469 ; gain = 51.664 ; free physical = 128 ; free virtual = 9559

Phase 6 Post Hold Fix

Phase 6.1 Hold Fix Iter

Phase 6.1.1 Update Timing
Phase 6.1.1 Update Timing | Checksum: 11d63a66a

Time (s): cpu = 00:00:15 ; elapsed = 00:00:12 . Memory (MB): peak = 1861.469 ; gain = 51.664 ; free physical = 128 ; free virtual = 9559
INFO: [Route 35-416] Intermediate Timing Summary | WNS=4.868  | TNS=0.000  | WHS=0.136  | THS=0.000  |

Phase 6.1 Hold Fix Iter | Checksum: 11d63a66a

Time (s): cpu = 00:00:15 ; elapsed = 00:00:12 . Memory (MB): peak = 1861.469 ; gain = 51.664 ; free physical = 128 ; free virtual = 9559
Phase 6 Post Hold Fix | Checksum: 11d63a66a

Time (s): cpu = 00:00:15 ; elapsed = 00:00:12 . Memory (MB): peak = 1861.469 ; gain = 51.664 ; free physical = 128 ; free virtual = 9559

Phase 7 Route finalize

Router Utilization Summary
  Global Vertical Routing Utilization    = 0.110022 %
  Global Horizontal Routing Utilization  = 0.162936 %
  Routable Net Status*
  *Does not include unroutable nets such as driverless and loadless.
  Run report_route_status for detailed report.
  Number of Failed Nets               = 0
  Number of Unrouted Nets             = 0
  Number of Partially Routed Nets     = 0
  Number of Node Overlaps             = 0

Phase 7 Route finalize | Checksum: 1421d0a1e

Time (s): cpu = 00:00:15 ; elapsed = 00:00:12 . Memory (MB): peak = 1861.469 ; gain = 51.664 ; free physical = 128 ; free virtual = 9559

Phase 8 Verifying routed nets

 Verification completed successfully
Phase 8 Verifying routed nets | Checksum: 1421d0a1e

Time (s): cpu = 00:00:15 ; elapsed = 00:00:12 . Memory (MB): peak = 1861.469 ; gain = 51.664 ; free physical = 128 ; free virtual = 9559

Phase 9 Depositing Routes
Phase 9 Depositing Routes | Checksum: 18d184861

Time (s): cpu = 00:00:15 ; elapsed = 00:00:12 . Memory (MB): peak = 1861.469 ; gain = 51.664 ; free physical = 128 ; free virtual = 9559

Phase 10 Post Router Timing
INFO: [Route 35-57] Estimated Timing Summary | WNS=4.868  | TNS=0.000  | WHS=0.136  | THS=0.000  |

INFO: [Route 35-327] The final timing numbers are based on the router estimated timing analysis. For a complete and accurate timing signoff, please run report_timing_summary.
Phase 10 Post Router Timing | Checksum: 18d184861

Time (s): cpu = 00:00:15 ; elapsed = 00:00:12 . Memory (MB): peak = 1861.469 ; gain = 51.664 ; free physical = 128 ; free virtual = 9559
INFO: [Route 35-16] Router Completed Successfully

Time (s): cpu = 00:00:15 ; elapsed = 00:00:12 . Memory (MB): peak = 1861.469 ; gain = 51.664 ; free physical = 128 ; free virtual = 9559

Routing Is Done.
INFO: [Common 17-83] Releasing license: Implementation
49 Infos, 0 Warnings, 0 Critical Warnings and 0 Errors encountered.
route_design completed successfully
route_design: Time (s): cpu = 00:00:16 ; elapsed = 00:00:12 . Memory (MB): peak = 1890.523 ; gain = 80.719 ; free physical = 127 ; free virtual = 9559
Writing placer database...
Writing XDEF routing.
Writing XDEF routing logical nets.
Writing XDEF routing special nets.
Write XDEF Complete: Time (s): cpu = 00:00:00.13 ; elapsed = 00:00:00.05 . Memory (MB): peak = 1906.367 ; gain = 0.000 ; free physical = 125 ; free virtual = 9559
INFO: [DRC 23-27] Running DRC with 4 threads
INFO: [Coretcl 2-168] The results of DRC are in file /home/helmutresch/WorkDir/XILINX_calculator_project/impl/XILINX_calculator_project.runs/impl_1/calc_top_drc_routed.rpt.
INFO: [Timing 38-91] UpdateTimingParams: Speed grade: -1, Delay Type: min_max.
INFO: [Timing 38-191] Multithreading enabled for timing update using a maximum of 4 CPUs
Running Vector-less Activity Propagation...

Finished Running Vector-less Activity Propagation
INFO: [Common 17-206] Exiting Vivado at Mon Nov 20 21:14:59 2017...

*** Running vivado
    with args -log calc_top.vdi -applog -m64 -messageDb vivado.pb -mode batch -source calc_top.tcl -notrace


****** Vivado v2016.1 (64-bit)
  **** SW Build 1538259 on Fri Apr  8 15:45:23 MDT 2016
  **** IP Build 1537824 on Fri Apr  8 04:28:57 MDT 2016
    ** Copyright 1986-2016 Xilinx, Inc. All Rights Reserved.

source calc_top.tcl -notrace
Command: open_checkpoint calc_top_routed.dcp

Starting open_checkpoint Task

Time (s): cpu = 00:00:00.01 ; elapsed = 00:00:00.01 . Memory (MB): peak = 1056.066 ; gain = 0.000 ; free physical = 885 ; free virtual = 10257
INFO: [Netlist 29-17] Analyzing 44 Unisim elements for replacement
INFO: [Netlist 29-28] Unisim Transformation completed in 0 CPU seconds
INFO: [Project 1-479] Netlist was created with Vivado 2016.1
INFO: [Device 21-403] Loading part xc7a35tcpg236-1
INFO: [Project 1-570] Preparing netlist for logic optimization
Parsing XDC File [/home/helmutresch/WorkDir/XILINX_calculator_project/impl/XILINX_calculator_project.runs/impl_1/.Xil/Vivado-27282-localhost.localdomain/dcp/calc_top.xdc]
Finished Parsing XDC File [/home/helmutresch/WorkDir/XILINX_calculator_project/impl/XILINX_calculator_project.runs/impl_1/.Xil/Vivado-27282-localhost.localdomain/dcp/calc_top.xdc]
Reading XDEF placement.
Reading placer database...
Reading XDEF routing.
Read XDEF File: Time (s): cpu = 00:00:00.04 ; elapsed = 00:00:00.04 . Memory (MB): peak = 1254.672 ; gain = 0.000 ; free physical = 694 ; free virtual = 10067
Restored from archive | CPU: 0.040000 secs | Memory: 0.524719 MB |
Finished XDEF File Restore: Time (s): cpu = 00:00:00.04 ; elapsed = 00:00:00.04 . Memory (MB): peak = 1254.672 ; gain = 0.000 ; free physical = 694 ; free virtual = 10067
INFO: [Project 1-111] Unisim Transformation Summary:
No Unisim elements were transformed.

INFO: [Project 1-604] Checkpoint was created with Vivado v2016.1 (64-bit) build 1538259
Attempting to get a license for feature 'Implementation' and/or device 'xc7a35t'
INFO: [Common 17-349] Got license for feature 'Implementation' and/or device 'xc7a35t'
Running DRC as a precondition to command write_bitstream
INFO: [DRC 23-27] Running DRC with 4 threads
INFO: [Vivado 12-3199] DRC finished with 0 Errors
INFO: [Vivado 12-3200] Please refer to the DRC report (report_drc) for more information.
INFO: [Designutils 20-2272] Running write_bitstream with 4 threads.
Loading data files...
Loading site data...
Loading route data...
Processing options...
Creating bitmap...
Creating bitstream...
Writing bitstream ./calc_top.bit...
INFO: [Vivado 12-1842] Bitgen Completed Successfully.
INFO: [Project 1-120] WebTalk data collection is mandatory when using a WebPACK part without a full Vivado license. To see the specific WebTalk data collected for your design, open the usage_statistics_webtalk.html or usage_statistics_webtalk.xml file in the implementation directory.
INFO: [Common 17-186] '/home/helmutresch/WorkDir/XILINX_calculator_project/impl/XILINX_calculator_project.runs/impl_1/usage_statistics_webtalk.xml' has been successfully sent to Xilinx on Mon Nov 20 21:15:27 2017. For additional details about this file, please refer to the WebTalk help file at /home/helmutresch/Xilinx/Vivado/2016.1/doc/webtalk_introduction.html.
INFO: [Common 17-83] Releasing license: Implementation
write_bitstream: Time (s): cpu = 00:00:08 ; elapsed = 00:00:09 . Memory (MB): peak = 1689.961 ; gain = 435.289 ; free physical = 362 ; free virtual = 9743
INFO: [Vivado_Tcl 4-395] Unable to parse hwdef file calc_top.hwdef
INFO: [Common 17-206] Exiting Vivado at Mon Nov 20 21:15:27 2017...

*** Running vivado
    with args -log calc_top.vdi -applog -m64 -messageDb vivado.pb -mode batch -source calc_top.tcl -notrace


****** Vivado v2016.1 (64-bit)
  **** SW Build 1538259 on Fri Apr  8 15:45:23 MDT 2016
  **** IP Build 1537824 on Fri Apr  8 04:28:57 MDT 2016
    ** Copyright 1986-2016 Xilinx, Inc. All Rights Reserved.

source calc_top.tcl -notrace
Command: open_checkpoint calc_top_routed.dcp

Starting open_checkpoint Task

Time (s): cpu = 00:00:00.02 ; elapsed = 00:00:00.02 . Memory (MB): peak = 1056.066 ; gain = 0.000 ; free physical = 127 ; free virtual = 11180
INFO: [Netlist 29-17] Analyzing 44 Unisim elements for replacement
INFO: [Netlist 29-28] Unisim Transformation completed in 0 CPU seconds
INFO: [Project 1-479] Netlist was created with Vivado 2016.1
INFO: [Device 21-403] Loading part xc7a35tcpg236-1
INFO: [Project 1-570] Preparing netlist for logic optimization
Parsing XDC File [/home/helmutresch/WorkDir/XILINX_calculator_project/impl/XILINX_calculator_project.runs/impl_1/.Xil/Vivado-14550-localhost.localdomain/dcp/calc_top.xdc]
Finished Parsing XDC File [/home/helmutresch/WorkDir/XILINX_calculator_project/impl/XILINX_calculator_project.runs/impl_1/.Xil/Vivado-14550-localhost.localdomain/dcp/calc_top.xdc]
Reading XDEF placement.
Reading placer database...
Reading XDEF routing.
Read XDEF File: Time (s): cpu = 00:00:00.03 ; elapsed = 00:00:00.03 . Memory (MB): peak = 1254.672 ; gain = 0.000 ; free physical = 135 ; free virtual = 11009
Restored from archive | CPU: 0.030000 secs | Memory: 0.524719 MB |
Finished XDEF File Restore: Time (s): cpu = 00:00:00.03 ; elapsed = 00:00:00.04 . Memory (MB): peak = 1254.672 ; gain = 0.000 ; free physical = 135 ; free virtual = 11009
INFO: [Project 1-111] Unisim Transformation Summary:
No Unisim elements were transformed.

INFO: [Project 1-604] Checkpoint was created with Vivado v2016.1 (64-bit) build 1538259
Attempting to get a license for feature 'Implementation' and/or device 'xc7a35t'
INFO: [Common 17-349] Got license for feature 'Implementation' and/or device 'xc7a35t'
Running DRC as a precondition to command write_bitstream
INFO: [DRC 23-27] Running DRC with 4 threads
INFO: [Vivado 12-3199] DRC finished with 0 Errors
INFO: [Vivado 12-3200] Please refer to the DRC report (report_drc) for more information.
INFO: [Designutils 20-2272] Running write_bitstream with 4 threads.
Loading data files...
Loading site data...
Loading route data...
Processing options...
Creating bitmap...
Creating bitstream...
Writing bitstream ./calc_top.bit...
INFO: [Vivado 12-1842] Bitgen Completed Successfully.
INFO: [Project 1-120] WebTalk data collection is mandatory when using a WebPACK part without a full Vivado license. To see the specific WebTalk data collected for your design, open the usage_statistics_webtalk.html or usage_statistics_webtalk.xml file in the implementation directory.
INFO: [Common 17-186] '/home/helmutresch/WorkDir/XILINX_calculator_project/impl/XILINX_calculator_project.runs/impl_1/usage_statistics_webtalk.xml' has been successfully sent to Xilinx on Tue Nov 21 17:32:09 2017. For additional details about this file, please refer to the WebTalk help file at /home/helmutresch/Xilinx/Vivado/2016.1/doc/webtalk_introduction.html.
INFO: [Common 17-83] Releasing license: Implementation
write_bitstream: Time (s): cpu = 00:00:09 ; elapsed = 00:00:09 . Memory (MB): peak = 1689.961 ; gain = 435.289 ; free physical = 164 ; free virtual = 10703
INFO: [Vivado_Tcl 4-395] Unable to parse hwdef file calc_top.hwdef
INFO: [Common 17-206] Exiting Vivado at Tue Nov 21 17:32:09 2017...
