Copyright 1986-2016 Xilinx, Inc. All Rights Reserved.
-------------------------------------------------------------------------------------
| Tool Version : Vivado v.2016.1 (lin64) Build 1538259 Fri Apr  8 15:45:23 MDT 2016
| Date         : Sat Nov 25 23:07:08 2017
| Host         : localhost.localdomain running 64-bit Fedora release 26 (Twenty Six)
| Command      : report_drc -file calc_top_drc_routed.rpt -pb calc_top_drc_routed.pb
| Design       : calc_top
| Device       : xc7a35tcpg236-1
| Speed File   : -1
-------------------------------------------------------------------------------------

Report DRC

Table of Contents
-----------------
1. REPORT SUMMARY
2. REPORT DETAILS

1. REPORT SUMMARY
-----------------
            Netlist: netlist
          Floorplan: design_1
      Design limits: <entire design considered>
           Ruledeck: default
             Max violations: <unlimited>
             Violations found: 0

2. REPORT DETAILS
-----------------

